<?xml version="1.0" encoding="UTF-8"?>
<testng-results ignored="0" total="1" passed="1" failed="0" skipped="0">
  <reporter-output>
  </reporter-output>
  <suite started-at="2021-02-19T18:13:26 CST" name="Default suite" finished-at="2021-02-19T18:13:38 CST" duration-ms="11884">
    <groups>
    </groups>
    <test started-at="2021-02-19T18:13:26 CST" name="Default test" finished-at="2021-02-19T18:13:38 CST" duration-ms="11884">
      <class name="TestDelProyecto.alertas">
        <test-method signature="ejemAletas()[pri:0, instance:TestDelProyecto.alertas@2177849e]" started-at="2021-02-19T18:13:26 CST" name="ejemAletas" finished-at="2021-02-19T18:13:38 CST" duration-ms="11828" status="PASS">
          <reporter-output>
          </reporter-output>
        </test-method> <!-- ejemAletas -->
      </class> <!-- TestDelProyecto.alertas -->
    </test> <!-- Default test -->
  </suite> <!-- Default suite -->
</testng-results>
